!SESSION 2014-11-17 11:18:53.370 -----------------------------------------------
eclipse.buildId=unknown
java.version=1.7.0_67
java.vendor=Oracle Corporation
BootLoader constants: OS=win32, ARCH=x86_64, WS=win32, NL=en_US
Command-line arguments:  -console

!ENTRY org.eclipse.osgi 4 0 2014-11-17 11:18:54.145
!MESSAGE Error starting bundle: initial@reference:file:plugins/slf4j.jdk14_1.7.7.jar
!STACK 0
org.osgi.framework.BundleException: Invalid operation on a fragment.
	at org.eclipse.osgi.container.Module.checkFragment(Module.java:510)
	at org.eclipse.osgi.container.Module.start(Module.java:397)
	at org.eclipse.osgi.internal.framework.EquinoxBundle.start(EquinoxBundle.java:393)
	at org.eclipse.core.runtime.adaptor.EclipseStarter.startBundle(EclipseStarter.java:1049)
	at org.eclipse.core.runtime.adaptor.EclipseStarter.startBundles(EclipseStarter.java:1042)
	at org.eclipse.core.runtime.adaptor.EclipseStarter.loadBasicBundles(EclipseStarter.java:586)
	at org.eclipse.core.runtime.adaptor.EclipseStarter.startup(EclipseStarter.java:313)
	at org.eclipse.core.runtime.adaptor.EclipseStarter.run(EclipseStarter.java:232)
	at org.eclipse.core.runtime.adaptor.EclipseStarter.main(EclipseStarter.java:209)

!ENTRY org.eclipse.osgi 4 0 2014-11-17 11:18:54.160
!MESSAGE Error starting bundle: initial@reference:file:plugins/slf4j.log4j12_1.7.7.jar
!STACK 0
org.osgi.framework.BundleException: Invalid operation on a fragment.
	at org.eclipse.osgi.container.Module.checkFragment(Module.java:510)
	at org.eclipse.osgi.container.Module.start(Module.java:397)
	at org.eclipse.osgi.internal.framework.EquinoxBundle.start(EquinoxBundle.java:393)
	at org.eclipse.core.runtime.adaptor.EclipseStarter.startBundle(EclipseStarter.java:1049)
	at org.eclipse.core.runtime.adaptor.EclipseStarter.startBundles(EclipseStarter.java:1042)
	at org.eclipse.core.runtime.adaptor.EclipseStarter.loadBasicBundles(EclipseStarter.java:586)
	at org.eclipse.core.runtime.adaptor.EclipseStarter.startup(EclipseStarter.java:313)
	at org.eclipse.core.runtime.adaptor.EclipseStarter.run(EclipseStarter.java:232)
	at org.eclipse.core.runtime.adaptor.EclipseStarter.main(EclipseStarter.java:209)

!ENTRY it.ismb.pert.osgi.dal.devices.fake 4 0 2014-11-17 11:18:54.395
!MESSAGE [SCR - DeclarationParser.doProperty()] Error while processing property 'dal.function.operation.names' in XML bundleentry://3.fwk2041088095/OSGI-INF/Light1_ColorControl.xml!  The 'property' tag must have body content if 'value' attribute is not specified!

!ENTRY it.ismb.pert.osgi.dal.devices.fake 4 0 2014-11-17 11:18:54.395
!MESSAGE [SCR - DeclarationParser.doProperty()] Error while processing property 'dal.function.operation.names' in XML bundleentry://3.fwk2041088095/OSGI-INF/SmartPlug2_Power.xml!  The 'property' tag must have body content if 'value' attribute is not specified!

!ENTRY org.eclipse.osgi 4 0 2014-11-17 11:18:54.939
!MESSAGE Bundle slf4j.jdk14_1.7.7 [46] is not active.

!ENTRY org.eclipse.osgi 4 0 2014-11-17 11:18:54.939
!MESSAGE Bundle slf4j.log4j12_1.7.7 [47] is not active.
